Cloning into 'yay'...
==> Making package: yay 12.5.7-1 (Thu 25 Dec 2025 01:18:44 PM UTC)
==> Checking runtime dependencies...
==> Checking buildtime dependencies...
==> Installing missing dependencies...
resolving dependencies...
looking for conflicting packages...

Packages (1) go-2:1.25.5-1

Total Download Size:    36.11 MiB
Total Installed Size:  191.60 MiB

:: Proceed with installation? [Y/n] 
:: Retrieving packages...
 go-2:1.25.5-1-x86_64 downloading...
checking keyring...
checking package integrity...
loading package files...
checking for file conflicts...
checking available disk space...
:: Processing package changes...
installing go...
:: Running post-transaction hooks...
(1/1) Arming ConditionNeedsUpdate...
==> Retrieving sources...
  -> Downloading yay-12.5.7.tar.gz...
  % Total    % Received % Xferd  Average Speed   Time    Time     Time  Current
                                 Dload  Upload   Total   Spent    Left  Speed
  0     0   0     0   0     0     0     0  --:--:-- --:--:-- --:--:--     0  0     0   0     0   0     0     0     0  --:--:-- --:--:-- --:--:--     0  0     0   0     0   0     0     0     0  --:--:-- --:--:-- --:--:--     0
100 470486 100 470486   0     0  1237k     0  --:--:-- --:--:-- --:--:--  1237k
==> Validating source files with sha256sums...
    yay-12.5.7.tar.gz ... Passed
==> Extracting sources...
  -> Extracting yay-12.5.7.tar.gz with bsdtar
==> Starting build()...
go build -trimpath -mod=readonly -modcacherw -ldflags '-X "main.yayVersion=12.5.7" -X "main.localePath=/usr/share/locale/" -linkmode=external -compressdwarf=false' -buildmode=pie -o yay
go: downloading github.com/Jguer/aur v1.2.3
go: downloading github.com/Jguer/go-alpm/v2 v2.3.1
go: downloading github.com/Morganamilo/go-srcinfo v1.0.0
go: downloading github.com/deckarep/golang-set/v2 v2.8.0
go: downloading github.com/leonelquinteros/gotext v1.7.2
go: downloading github.com/Jguer/votar v1.0.0
go: downloading golang.org/x/sys v0.39.0
go: downloading github.com/Morganamilo/go-pacmanconf v0.0.0-20210502114700-cff030e927a5
go: downloading golang.org/x/net v0.48.0
go: downloading github.com/adrg/strutil v0.3.1
go: downloading golang.org/x/term v0.38.0
go: downloading github.com/hashicorp/go-multierror v1.1.1
go: downloading github.com/hashicorp/errwrap v1.1.0
go: downloading github.com/ohler55/ojg v1.27.0
go: downloading github.com/itchyny/gojq v0.12.18
go: downloading github.com/mitchellh/mapstructure v1.5.0
go: downloading github.com/itchyny/timefmt-go v0.1.7
==> Entering fakeroot environment...
==> Starting package()...
msgfmt -o po/ca.mo po/ca.po
msgfmt -o po/cs.mo po/cs.po
msgfmt -o po/de.mo po/de.po
msgfmt -o po/en.mo po/en.po
msgfmt -o po/es.mo po/es.po
msgfmt -o po/eu.mo po/eu.po
msgfmt -o po/fr_FR.mo po/fr_FR.po
msgfmt -o po/he.mo po/he.po
msgfmt -o po/hu.mo po/hu.po
msgfmt -o po/id.mo po/id.po
msgfmt -o po/it_IT.mo po/it_IT.po
msgfmt -o po/ja.mo po/ja.po
msgfmt -o po/ko.mo po/ko.po
msgfmt -o po/nl.mo po/nl.po
msgfmt -o po/pl_PL.mo po/pl_PL.po
msgfmt -o po/pt_BR.mo po/pt_BR.po
msgfmt -o po/pt.mo po/pt.po
msgfmt -o po/ru_RU.mo po/ru_RU.po
msgfmt -o po/ru.mo po/ru.po
msgfmt -o po/sk.mo po/sk.po
msgfmt -o po/sv.mo po/sv.po
msgfmt -o po/tr.mo po/tr.po
msgfmt -o po/uk.mo po/uk.po
msgfmt -o po/vi.mo po/vi.po
msgfmt -o po/vi_VN.mo po/vi_VN.po
msgfmt -o po/zh_CN.mo po/zh_CN.po
msgfmt -o po/zh_TW.mo po/zh_TW.po
install -Dm755 yay /home/mpendlebury/Documents/repos/Elements-Gaming-Rig/yay/pkg/yay/usr/bin/yay
install -Dm644 doc/yay.8 /home/mpendlebury/Documents/repos/Elements-Gaming-Rig/yay/pkg/yay/usr/share/man/man8/yay.8
install -Dm644 completions/bash /home/mpendlebury/Documents/repos/Elements-Gaming-Rig/yay/pkg/yay/usr/share/bash-completion/completions/yay
install -Dm644 completions/zsh /home/mpendlebury/Documents/repos/Elements-Gaming-Rig/yay/pkg/yay/usr/share/zsh/site-functions/_yay
install -Dm644 completions/fish /home/mpendlebury/Documents/repos/Elements-Gaming-Rig/yay/pkg/yay/usr/share/fish/vendor_completions.d/yay.fish
for lang in ca cs de en es eu fr_FR he hu id it_IT ja ko nl pl_PL pt_BR pt ru_RU ru sk sv tr uk vi vi_VN zh_CN zh_TW; do \
	install -Dm644 po/${lang}.mo /home/mpendlebury/Documents/repos/Elements-Gaming-Rig/yay/pkg/yay/usr/share/locale/$lang/LC_MESSAGES/yay.mo; \
done
==> Tidying install...
  -> Removing libtool files...
  -> Removing static library files...
  -> Purging unwanted files...
  -> Stripping unneeded symbols from binaries and libraries...
  -> Compressing man and info pages...
==> Checking for packaging issues...
==> Creating package "yay"...
  -> Generating .PKGINFO file...
  -> Generating .BUILDINFO file...
  -> Generating .MTREE file...
  -> Compressing package...
==> Creating package "yay-debug"...
  -> Generating .PKGINFO file...
  -> Generating .BUILDINFO file...
  -> Generating .MTREE file...
  -> Compressing package...
==> Leaving fakeroot environment.
==> Finished making: yay 12.5.7-1 (Thu 25 Dec 2025 01:19:02 PM UTC)
==> Installing package yay with pacman -U...
loading packages...
resolving dependencies...
looking for conflicting packages...

Packages (2) yay-12.5.7-1  yay-debug-12.5.7-1

Total Installed Size:  23.56 MiB

:: Proceed with installation? [Y/n] 
checking keyring...
checking package integrity...
loading package files...
checking for file conflicts...
checking available disk space...
:: Processing package changes...
installing yay...
Optional dependencies for yay
    sudo: privilege elevation [installed]
    doas: privilege elevation
installing yay-debug...
:: Running post-transaction hooks...
(1/1) Arming ConditionNeedsUpdate...
:: Synchronizing package databases...
 core downloading...
 extra downloading...
:: [1mSearching AUR for updates...[0m
:: [1mSearching databases for updates...[0m
 there is nothing to do
Sync Explicit (1): jq-1.8.1-1
resolving dependencies...
looking for conflicting packages...

Packages (2) oniguruma-6.9.10-1  jq-1.8.1-1

Total Download Size:   0.41 MiB
Total Installed Size:  1.33 MiB

:: Proceed with installation? [Y/n] 
:: Retrieving packages...
 oniguruma-6.9.10-1-x86_64 downloading...
 jq-1.8.1-1-x86_64 downloading...
checking keyring...
checking package integrity...
loading package files...
checking for file conflicts...
checking available disk space...
:: Processing package changes...
installing oniguruma...
installing jq...
:: Running post-transaction hooks...
(1/1) Arming ConditionNeedsUpdate...
Sync Explicit (1): fzf-0.67.0-1
resolving dependencies...
looking for conflicting packages...

Packages (1) fzf-0.67.0-1

Total Download Size:   1.56 MiB
Total Installed Size:  4.57 MiB

:: Proceed with installation? [Y/n] 
:: Retrieving packages...
 fzf-0.67.0-1-x86_64 downloading...
checking keyring...
checking package integrity...
loading package files...
checking for file conflicts...
checking available disk space...
:: Processing package changes...
installing fzf...
Optional dependencies for fzf
    fish: fish keybindings
    tmux: fzf-tmux script for launching fzf in a tmux pane
    vim: plugin [installed]
    zsh: zsh keybindings
:: Running post-transaction hooks...
(1/2) Arming ConditionNeedsUpdate...
(2/2) Updating Vim help tags...
Sync Explicit (1): polkit-gnome-0.105-12
resolving dependencies...
looking for conflicting packages...

Packages (1) polkit-gnome-0.105-12

Total Download Size:   0.06 MiB
Total Installed Size:  0.33 MiB

:: Proceed with installation? [Y/n] 
:: Retrieving packages...
 polkit-gnome-0.105-12-x86_64 downloading...
checking keyring...
checking package integrity...
loading package files...
checking for file conflicts...
checking available disk space...
:: Processing package changes...
installing polkit-gnome...
:: Running post-transaction hooks...
(1/2) Arming ConditionNeedsUpdate...
(2/2) Updating the desktop file MIME type cache...
Sync Explicit (1): pamixer-1.6-3
resolving dependencies...
looking for conflicting packages...

Packages (1) pamixer-1.6-3

Total Download Size:   0.09 MiB
Total Installed Size:  0.25 MiB

:: Proceed with installation? [Y/n] 
:: Retrieving packages...
 pamixer-1.6-3-x86_64 downloading...
checking keyring...
checking package integrity...
loading package files...
checking for file conflicts...
checking available disk space...
:: Processing package changes...
installing pamixer...
:: Running post-transaction hooks...
(1/1) Arming ConditionNeedsUpdate...
Sync Explicit (1): pavucontrol-1:6.2-1
resolving dependencies...
looking for conflicting packages...

Packages (7) cairomm-1.16-1.18.0-2  glibmm-2.68-2.86.0-1  gtk4-1:4.20.3-1  gtkmm-4.0-4.20.0-1  libsigc++-3.0-3.8.0-1  pangomm-2.48-2.56.1-1  pavucontrol-1:6.2-1

Total Download Size:   11.92 MiB
Total Installed Size:  67.78 MiB

:: Proceed with installation? [Y/n] 
:: Retrieving packages...
 gtk4-1:4.20.3-1-x86_64 downloading...
 gtkmm-4.0-4.20.0-1-x86_64 downloading...
 glibmm-2.68-2.86.0-1-x86_64 downloading...
 pavucontrol-1:6.2-1-x86_64 downloading...
 pangomm-2.48-2.56.1-1-x86_64 downloading...
 cairomm-1.16-1.18.0-2-x86_64 downloading...
 libsigc++-3.0-3.8.0-1-x86_64 downloading...
checking keyring...
checking package integrity...
loading package files...
checking for file conflicts...
checking available disk space...
:: Processing package changes...
installing libsigc++-3.0...
installing glibmm-2.68...
installing gtk4...
Optional dependencies for gtk4
    evince: Default print preview command
    xdg-desktop-portal-gtk: Fallback portals for various APIs
installing cairomm-1.16...
installing pangomm-2.48...
installing gtkmm-4.0...
installing pavucontrol...
:: Running post-transaction hooks...
(1/4) Arming ConditionNeedsUpdate...
(2/4) Compiling GSettings XML schema files...
(3/4) Updating icon theme caches...
(4/4) Updating the desktop file MIME type cache...
Sync Explicit (1): blueberry-1.4.8-2
resolving dependencies...
looking for conflicting packages...

Packages (14) bluez-tools-0.2.0-6  gnome-bluetooth-3.34.5+r16+g61cfff1c-2  gobject-introspection-runtime-1.86.0-1  libdbusmenu-glib-18.10.20180917-1  libdbusmenu-gtk3-18.10.20180917-1  libgirepository-1.86.0-1  libgnomekbd-1:3.28.1-1  libnotify-0.8.7-2  libxklavier-5.4-7  python-gobject-3.54.5-1  python-setproctitle-1.3.7-1  xapp-3.2.0-2  xapp-symbolic-icons-1.0.7-1  blueberry-1.4.8-2

Total Download Size:    2.78 MiB
Total Installed Size:  10.69 MiB

:: Proceed with installation? [Y/n] 
:: Retrieving packages...
 blueberry-1.4.8-2-any downloading...
 python-gobject-3.54.5-1-x86_64 downloading...
 gnome-bluetooth-3.34.5+r16+g61cfff1c-2-x86_64 downloading...
 xapp-3.2.0-2-x86_64 downloading...
 xapp-symbolic-icons-1.0.7-1-any downloading...
 libgirepository-1.86.0-1-x86_64 downloading...
 libgnomekbd-1:3.28.1-1-x86_64 downloading...
 libdbusmenu-glib-18.10.20180917-1-x86_64 downloading...
 bluez-tools-0.2.0-6-x86_64 downloading...
 libxklavier-5.4-7-x86_64 downloading...
 libdbusmenu-gtk3-18.10.20180917-1-x86_64 downloading...
 libnotify-0.8.7-2-x86_64 downloading...
 gobject-introspection-runtime-1.86.0-1-x86_64 downloading...
 python-setproctitle-1.3.7-1-x86_64 downloading...
checking keyring...
checking package integrity...
loading package files...
checking for file conflicts...
checking available disk space...
:: Processing package changes...
installing bluez-tools...
installing libnotify...
installing gnome-bluetooth...
installing libgirepository...
installing gobject-introspection-runtime...
installing python-gobject...
Optional dependencies for python-gobject
    python-cairo: Cairo bindings
installing python-setproctitle...
installing libdbusmenu-glib...
installing libdbusmenu-gtk3...
installing libxklavier...
installing libgnomekbd...
installing xapp-symbolic-icons...
installing xapp...
Optional dependencies for xapp
    python: for mate-desktop status applet [installed]
installing blueberry...
:: Running post-transaction hooks...
(1/4) Arming ConditionNeedsUpdate...
(2/4) Compiling GSettings XML schema files...
(3/4) Updating icon theme caches...
(4/4) Updating the desktop file MIME type cache...
Sync Explicit (1): network-manager-applet-1.36.0-1
resolving dependencies...
looking for conflicting packages...

Packages (15) gcr-4-4.4.0.1-1  libappindicator-12.10.1-1  libmm-glib-1.24.2-1  libndp-1.9-1  libnewt-0.52.25-1  libnm-1.54.3-1  libnma-1.10.6-3  libnma-common-1.10.6-3  libteam-1.32-3  mobile-broadband-provider-info-20251101-1  networkmanager-1.54.3-1  nm-connection-editor-1.36.0-1  pcre-8.45-4  slang-2.3.3-4  network-manager-applet-1.36.0-1

Total Download Size:    8.95 MiB
Total Installed Size:  47.03 MiB

:: Proceed with installation? [Y/n] 
:: Retrieving packages...
 networkmanager-1.54.3-1-x86_64 downloading...
 pcre-8.45-4-x86_64 downloading...
 libnm-1.54.3-1-x86_64 downloading...
 slang-2.3.3-4-x86_64 downloading...
 nm-connection-editor-1.36.0-1-x86_64 downloading...
 libmm-glib-1.24.2-1-x86_64 downloading...
 gcr-4-4.4.0.1-1-x86_64 downloading...
 libnma-common-1.10.6-3-x86_64 downloading...
 network-manager-applet-1.36.0-1-x86_64 downloading...
 libteam-1.32-3-x86_64 downloading...
 libnma-1.10.6-3-x86_64 downloading...
 libnewt-0.52.25-1-x86_64 downloading...
 mobile-broadband-provider-info-20251101-1-any downloading...
 libappindicator-12.10.1-1-x86_64 downloading...
 libndp-1.9-1-x86_64 downloading...
checking keyring...
checking package integrity...
loading package files...
checking for file conflicts...
checking available disk space...
:: Processing package changes...
installing libappindicator...
installing libmm-glib...
installing gcr-4...
Optional dependencies for gcr-4
    gtk4: gcr-viewer-gtk4 [installed]
installing libnm...
installing mobile-broadband-provider-info...
installing libnma-common...
installing libnma...
installing libndp...
installing pcre...
installing slang...
installing libnewt...
Optional dependencies for libnewt
    python: libnewt support with the _snack module [installed]
    tcl: whiptcl support
installing libteam...
installing networkmanager...
Optional dependencies for networkmanager
    bluez: Bluetooth support [installed]
    dhcpcd: alternative DHCP client
    dnsmasq: connection sharing
    firewalld: firewall support
    iptables: connection sharing [installed]
    iwd: wpa_supplicant alternative [installed]
    libnvme: NBFT support [installed]
    modemmanager: cellular network support
    nftables: connection sharing
    openresolv: alternative resolv.conf manager
    pacrunner: PAC proxy support
    polkit: let non-root users control networking [installed]
    ppp: dialup connection support
installing nm-connection-editor...
installing network-manager-applet...
:: Running post-transaction hooks...
(1/8) Reloading system manager configuration...
(2/8) Reloading user manager configuration...
(3/8) Reloading device manager configuration...
(4/8) Arming ConditionNeedsUpdate...
(5/8) Reloading system bus configuration...
(6/8) Compiling GSettings XML schema files...
(7/8) Updating icon theme caches...
(8/8) Updating the desktop file MIME type cache...
Sync Explicit (1): networkmanager-openvpn-1.12.5-1
resolving dependencies...
looking for conflicting packages...

Packages (5) libnma-gtk4-1.10.6-3  networkmanager-vpn-plugin-openvpn-1.12.5-1  openvpn-2.6.17-1  pkcs11-helper-1.31.0-1  networkmanager-openvpn-1.12.5-1

Total Download Size:   1.11 MiB
Total Installed Size:  4.10 MiB

:: Proceed with installation? [Y/n] 
:: Retrieving packages...
 openvpn-2.6.17-1-x86_64 downloading...
 networkmanager-openvpn-1.12.5-1-x86_64 downloading...
 libnma-gtk4-1.10.6-3-x86_64 downloading...
 pkcs11-helper-1.31.0-1-x86_64 downloading...
 networkmanager-vpn-plugin-openvpn-1.12.5-1-x86_64 downloading...
checking keyring...
checking package integrity...
loading package files...
checking for file conflicts...
checking available disk space...
:: Processing package changes...
installing libnma-gtk4...
installing pkcs11-helper...
installing openvpn...
Optional dependencies for openvpn
    easy-rsa: easy CA and certificate handling
    pam: authenticate via PAM [installed]
installing networkmanager-vpn-plugin-openvpn...
installing networkmanager-openvpn...
Optional dependencies for networkmanager-openvpn
    libnma: GUI support (GTK 3) [installed]
:: Running post-transaction hooks...
(1/5) Creating system user accounts...
Creating group 'nm-openvpn' with GID 963.
Creating user 'nm-openvpn' (NetworkManager OpenVPN) with UID 963 and GID 963.
Creating group 'openvpn' with GID 962.
Creating user 'openvpn' (OpenVPN) with UID 962 and GID 962.
(2/5) Reloading system manager configuration...
(3/5) Creating temporary files...
(4/5) Arming ConditionNeedsUpdate...
(5/5) Reloading system bus configuration...
Sync Explicit (1): gvfs-1.58.0-2
resolving dependencies...
looking for conflicting packages...

Packages (3) libcdio-2.3.0-1  libcdio-paranoia-10.2+2.0.2-1  gvfs-1.58.0-2

Total Download Size:   1.24 MiB
Total Installed Size:  6.14 MiB

:: Proceed with installation? [Y/n] 
:: Retrieving packages...
 gvfs-1.58.0-2-x86_64 downloading...
 libcdio-2.3.0-1-x86_64 downloading...
 libcdio-paranoia-10.2+2.0.2-1-x86_64 downloading...
checking keyring...
checking package integrity...
loading package files...
checking for file conflicts...
checking available disk space...
:: Processing package changes...
installing libcdio...
installing libcdio-paranoia...
installing gvfs...
Optional dependencies for gvfs
    gvfs-afc: AFC support (Apple mobile devices)
    gvfs-dnssd: DNS-SD and WebDAV support (macOS file sharing)
    gvfs-goa: Gnome Online Accounts support (e.g. OwnCloud)
    gvfs-google: Google Drive support
    gvfs-gphoto2: gphoto2 support (PTP camera, MTP media player)
    gvfs-mtp: MTP support (Android, media player)
    gvfs-nfs: NFS support
    gvfs-onedrive: Microsoft OneDrive support
    gvfs-smb: SMB/CIFS support (Windows file sharing)
    gvfs-wsdd: Web Services Dynamic Discovery support (Windows discovery)
:: Running post-transaction hooks...
(1/7) Reloading user manager configuration...
(2/7) Creating temporary files...
(3/7) Arming ConditionNeedsUpdate...
(4/7) Updating GIO module cache...
(5/7) Compiling GSettings XML schema files...
(6/7) Reloading GVFS config...
(7/7) Updating the info directory file...
Sync Explicit (1): btop-1.4.5-1
resolving dependencies...
looking for conflicting packages...

Packages (1) btop-1.4.5-1

Total Download Size:   0.55 MiB
Total Installed Size:  1.61 MiB

:: Proceed with installation? [Y/n] 
:: Retrieving packages...
 btop-1.4.5-1-x86_64 downloading...
checking keyring...
checking package integrity...
loading package files...
checking for file conflicts...
checking available disk space...
:: Processing package changes...
installing btop...
Optional dependencies for btop
    rocm-smi-lib: AMD GPU support
:: Running post-transaction hooks...
(1/3) Arming ConditionNeedsUpdate...
(2/3) Updating icon theme caches...
(3/3) Updating the desktop file MIME type cache...
Sync Explicit (1): pacman-contrib-1.13.1-1
resolving dependencies...
looking for conflicting packages...

Packages (1) pacman-contrib-1.13.1-1

Total Download Size:   0.05 MiB
Total Installed Size:  0.13 MiB

:: Proceed with installation? [Y/n] 
:: Retrieving packages...
 pacman-contrib-1.13.1-1-x86_64 downloading...
checking keyring...
checking package integrity...
loading package files...
checking for file conflicts...
checking available disk space...
:: Processing package changes...
installing pacman-contrib...
Optional dependencies for pacman-contrib
    diffutils: for pacdiff [installed]
    fakeroot: for checkupdates [installed]
    findutils: for pacdiff --find [installed]
    mlocate: for pacdiff --locate
    plocate: faster mlocate alternative
    perl: for pacsearch [installed]
    sudo: privilege elevation for several scripts [installed]
    vim: default diff program for pacdiff [installed]
    neovim: default diff program for pacdiff if EDITOR=nvim
:: Running post-transaction hooks...
(1/2) Reloading system manager configuration...
(2/2) Arming ConditionNeedsUpdate...
Sync Explicit (1): ttf-jetbrains-mono-nerd-3.4.0-1
resolving dependencies...
looking for conflicting packages...

Packages (1) ttf-jetbrains-mono-nerd-3.4.0-1

Total Download Size:    10.48 MiB
Total Installed Size:  222.51 MiB

:: Proceed with installation? [Y/n] 
:: Retrieving packages...
 ttf-jetbrains-mono-nerd-3.4.0-1-any downloading...
checking keyring...
checking package integrity...
loading package files...
checking for file conflicts...
checking available disk space...
:: Processing package changes...
installing ttf-jetbrains-mono-nerd...
:: Running post-transaction hooks...
(1/2) Arming ConditionNeedsUpdate...
(2/2) Updating fontconfig cache...
Sync Explicit (1): noto-fonts-emoji-1:2.051-1
resolving dependencies...
looking for conflicting packages...

Packages (1) noto-fonts-emoji-1:2.051-1

Total Download Size:    9.18 MiB
Total Installed Size:  10.18 MiB

:: Proceed with installation? [Y/n] 
:: Retrieving packages...
 noto-fonts-emoji-1:2.051-1-any downloading...
checking keyring...
checking package integrity...
loading package files...
checking for file conflicts...
checking available disk space...
:: Processing package changes...
installing noto-fonts-emoji...
:: Running post-transaction hooks...
(1/2) Arming ConditionNeedsUpdate...
(2/2) Updating fontconfig cache...
Sync Explicit (1): lxappearance-0.6.4-2
resolving dependencies...
looking for conflicting packages...

Packages (1) lxappearance-0.6.4-2

Total Download Size:   0.09 MiB
Total Installed Size:  0.40 MiB

:: Proceed with installation? [Y/n] 
:: Retrieving packages...
 lxappearance-0.6.4-2-x86_64 downloading...
checking keyring...
checking package integrity...
loading package files...
checking for file conflicts...
checking available disk space...
:: Processing package changes...
installing lxappearance...
:: Running post-transaction hooks...
(1/2) Arming ConditionNeedsUpdate...
(2/2) Updating the desktop file MIME type cache...
Sync Explicit (1): xfce4-settings-4.20.2-2
resolving dependencies...
looking for conflicting packages...

Packages (12) colord-1.4.8-1  elementary-icon-theme-8.2.0-1  exo-4.20.0-2  garcon-4.20.0-2  gnome-themes-extra-1:3.28-1  libgtop-2.41.3-2  libgusb-0.4.9-2  libxfce4ui-4.20.2-1  libxfce4util-4.20.1-1  startup-notification-0.12-9  xfconf-4.20.0-2  xfce4-settings-4.20.2-2

Total Download Size:    9.27 MiB
Total Installed Size:  61.44 MiB

:: Proceed with installation? [Y/n] 
:: Retrieving packages...
 elementary-icon-theme-8.2.0-1-any downloading...
 gnome-themes-extra-1:3.28-1-any downloading...
 colord-1.4.8-1-x86_64 downloading...
 xfce4-settings-4.20.2-2-x86_64 downloading...
 libxfce4ui-4.20.2-1-x86_64 downloading...
 exo-4.20.0-2-x86_64 downloading...
 libgtop-2.41.3-2-x86_64 downloading...
 xfconf-4.20.0-2-x86_64 downloading...
 garcon-4.20.0-2-x86_64 downloading...
 libxfce4util-4.20.1-1-x86_64 downloading...
 libgusb-0.4.9-2-x86_64 downloading...
 startup-notification-0.12-9-x86_64 downloading...
checking keyring...
checking package integrity...
loading package files...
checking for file conflicts...
checking available disk space...
:: Processing package changes...
installing libxfce4util...
installing xfconf...
installing startup-notification...
installing libgtop...
installing libxfce4ui...
installing exo...
installing garcon...
installing libgusb...
installing colord...
Optional dependencies for colord
    argyllcms: color profiling
    colord-sane: SANE support
installing elementary-icon-theme...
installing gnome-themes-extra...
installing xfce4-settings...
Optional dependencies for xfce4-settings
    python: xfce4-compose-mail -- "mailto:" URI handling [installed]
    xiccd: for displays support in xfce4-color-settings
    cups: for printers support in xfce4-color-settings
    sane: for scanners support in xfce4-color-settings
:: Running post-transaction hooks...
( 1/12) Creating system user accounts...
Creating group 'colord' with GID 961.
Creating user 'colord' (colord colour management daemon) with UID 961 and GID 961.
( 2/12) Reloading system manager configuration...
( 3/12) Reloading user manager configuration...
( 4/12) Creating temporary files...
( 5/12) Reloading device manager configuration...
( 6/12) Arming ConditionNeedsUpdate...
( 7/12) Reloading system bus configuration...
( 8/12) Updating GIO module cache...
( 9/12) Compiling GSettings XML schema files...
(10/12) Updating icon theme caches...
(11/12) Updating the info directory file...
(12/12) Updating the desktop file MIME type cache...
Sync Explicit (1): tree-2.2.1-1
resolving dependencies...
looking for conflicting packages...

Packages (1) tree-2.2.1-1

Total Download Size:   0.04 MiB
Total Installed Size:  0.08 MiB

:: Proceed with installation? [Y/n] 
:: Retrieving packages...
 tree-2.2.1-1-x86_64 downloading...
checking keyring...
checking package integrity...
loading package files...
checking for file conflicts...
checking available disk space...
:: Processing package changes...
installing tree...
:: Running post-transaction hooks...
(1/1) Arming ConditionNeedsUpdate...
Sync Explicit (1): qt5-svg-5.15.18+kde+r5-1
resolving dependencies...
looking for conflicting packages...

Packages (1) qt5-svg-5.15.18+kde+r5-1

Total Download Size:   0.15 MiB
Total Installed Size:  0.49 MiB

:: Proceed with installation? [Y/n] 
:: Retrieving packages...
 qt5-svg-5.15.18+kde+r5-1-x86_64 downloading...
checking keyring...
checking package integrity...
loading package files...
checking for file conflicts...
checking available disk space...
:: Processing package changes...
installing qt5-svg...
:: Running post-transaction hooks...
(1/1) Arming ConditionNeedsUpdate...
Sync Explicit (1): qt5-quickcontrols2-5.15.18+kde+r5-1
resolving dependencies...
looking for conflicting packages...

Packages (1) qt5-quickcontrols2-5.15.18+kde+r5-1

Total Download Size:   1.50 MiB
Total Installed Size:  8.61 MiB

:: Proceed with installation? [Y/n] 
:: Retrieving packages...
 qt5-quickcontrols2-5.15.18+kde+r5-1-x86_64 downloading...
checking keyring...
checking package integrity...
loading package files...
checking for file conflicts...
checking available disk space...
:: Processing package changes...
installing qt5-quickcontrols2...
Optional dependencies for qt5-quickcontrols2
    qt5-graphicaleffects: for the Material style
:: Running post-transaction hooks...
(1/1) Arming ConditionNeedsUpdate...
Sync Explicit (1): qt5-graphicaleffects-5.15.18-1
resolving dependencies...
looking for conflicting packages...

Packages (1) qt5-graphicaleffects-5.15.18-1

Total Download Size:   0.07 MiB
Total Installed Size:  0.53 MiB

:: Proceed with installation? [Y/n] 
:: Retrieving packages...
 qt5-graphicaleffects-5.15.18-1-x86_64 downloading...
checking keyring...
checking package integrity...
loading package files...
checking for file conflicts...
checking available disk space...
:: Processing package changes...
installing qt5-graphicaleffects...
:: Running post-transaction hooks...
(1/1) Arming ConditionNeedsUpdate...
Sync Explicit (1): firefox-146.0.1-1
resolving dependencies...
looking for conflicting packages...

Packages (2) mailcap-2.1.54-2  firefox-146.0.1-1

Total Download Size:    78.55 MiB
Total Installed Size:  271.03 MiB

:: Proceed with installation? [Y/n] 
:: Retrieving packages...
 firefox-146.0.1-1-x86_64 downloading...
 mailcap-2.1.54-2-any downloading...
checking keyring...
checking package integrity...
loading package files...
checking for file conflicts...
checking available disk space...
:: Processing package changes...
installing mailcap...
installing firefox...
Optional dependencies for firefox
    hunspell-en_US: Spell checking, American English
    libnotify: Notification integration [installed]
    networkmanager: Location detection via available WiFi networks [installed]
    onnxruntime: Local machine learning features such as smart tab groups
    speech-dispatcher: Text-to-Speech
    xdg-desktop-portal: Screensharing with Wayland [installed]
:: Running post-transaction hooks...
(1/3) Arming ConditionNeedsUpdate...
(2/3) Updating icon theme caches...
(3/3) Updating the desktop file MIME type cache...
AUR Explicit (1): neofetch-7.1.0-2
:: [1m(1/1) Downloaded PKGBUILD: neofetch[0m
  1 neofetch                                 (Build Files Exist)
==> Packages to cleanBuild?
==> [N]one [A]ll [Ab]ort [I]nstalled [No]tInstalled or (1 2 3, 1-3, ^4)
==> 
  1 neofetch                                 (Build Files Exist)
==> Diffs to show?
==> [N]one [A]ll [Ab]ort [I]nstalled [No]tInstalled or (1 2 3, 1-3, ^4)
==> 
==> Making package: neofetch 7.1.0-2 (Thu 25 Dec 2025 01:19:33 PM UTC)
==> Retrieving sources...
  -> Cloning neofetch git repo...
Cloning into bare repository '/home/mpendlebury/.cache/yay/neofetch/neofetch'...
==> WARNING: Skipping verification of source file PGP signatures.
==> Validating source files with sha256sums...
    neofetch ... Skipped
:: [1m(1/1) Parsing SRCINFO: neofetch[0m
gpg: directory '/home/mpendlebury/.gnupg' created
gpg: /home/mpendlebury/.gnupg/trustdb.gpg: trustdb created
gpg: error reading key: No public key

 :: [1mPGP keys need importing:[0m
 -> 7C20ADCD35D9797789B6BCC046D62DD9F1DE636E, required by: neofetch
:: [1mImporting keys with gpg...[0m
gpg: key 46D62DD9F1DE636E: public key "Dylan Araps <dylan.araps@gmail.com>" imported
gpg: Total number processed: 1
gpg:               imported: 1
==> Making package: neofetch 7.1.0-2 (Thu 25 Dec 2025 01:19:35 PM UTC)
==> Checking runtime dependencies...
==> Checking buildtime dependencies...
==> Retrieving sources...
  -> Updating neofetch git repo...
==> Validating source files with sha256sums...
    neofetch ... Skipped
==> Verifying source file signatures with gpg...
    neofetch git repo ... Passed
==> Removing existing $srcdir/ directory...
==> Extracting sources...
  -> Creating working copy of neofetch git repo...
Cloning into 'neofetch'...
done.
Switched to a new branch 'makepkg'
==> Sources are ready.
==> Making package: neofetch 7.1.0-2 (Thu 25 Dec 2025 01:19:37 PM UTC)
==> Checking runtime dependencies...
==> Checking buildtime dependencies...
==> WARNING: Using existing $srcdir/ tree
==> Entering fakeroot environment...
==> Starting package()...
==> Tidying install...
  -> Removing libtool files...
  -> Removing static library files...
  -> Purging unwanted files...
  -> Stripping unneeded symbols from binaries and libraries...
  -> Compressing man and info pages...
==> Checking for packaging issues...
==> WARNING: backup entry file not in package : etc/neofetch/config.conf
==> Creating package "neofetch"...
  -> Generating .PKGINFO file...
  -> Generating .BUILDINFO file...
  -> Generating .MTREE file...
  -> Compressing package...
==> Leaving fakeroot environment.
==> Finished making: neofetch 7.1.0-2 (Thu 25 Dec 2025 01:19:38 PM UTC)
==> Cleaning up...
loading packages...
resolving dependencies...
looking for conflicting packages...

Packages (1) neofetch-7.1.0-2

Total Installed Size:  0.33 MiB

:: Proceed with installation? [Y/n] 
checking keyring...
checking package integrity...
loading package files...
checking for file conflicts...
checking available disk space...
:: Processing package changes...
installing neofetch...
Optional dependencies for neofetch
    catimg: Display Images
    chafa: Image to text support
    feh: Wallpaper Display
    imagemagick: Image cropping / Thumbnail creation / Take a screenshot
    jp2a: Display Images
    libcaca: Display Images
    nitrogen: Wallpaper Display
    w3m: Display Images
    xdotool: See https://github.com/dylanaraps/neofetch/wiki/Images-in-the-terminal
    xorg-xdpyinfo: Resolution detection (Single Monitor)
    xorg-xprop: Desktop Environment and Window Manager [installed]
    xorg-xrandr: Resolution detection (Multi Monitor + Refresh rates)
    xorg-xwininfo: See https://github.com/dylanaraps/neofetch/wiki/Images-in-the-terminal
:: Running post-transaction hooks...
(1/1) Arming ConditionNeedsUpdate...
Sync Explicit (1): zsh-5.9-5
resolving dependencies...
looking for conflicting packages...

Packages (1) zsh-5.9-5

Total Download Size:   2.22 MiB
Total Installed Size:  6.56 MiB

:: Proceed with installation? [Y/n] 
:: Retrieving packages...
 zsh-5.9-5-x86_64 downloading...
checking keyring...
checking package integrity...
loading package files...
checking for file conflicts...
checking available disk space...
:: Processing package changes...
installing zsh...
:: Running post-transaction hooks...
(1/1) Arming ConditionNeedsUpdate...
Sync Explicit (1): zsh-syntax-highlighting-0.8.0-1
resolving dependencies...
looking for conflicting packages...

Packages (1) zsh-syntax-highlighting-0.8.0-1

Total Download Size:   0.04 MiB
Total Installed Size:  0.17 MiB

:: Proceed with installation? [Y/n] 
:: Retrieving packages...
 zsh-syntax-highlighting-0.8.0-1-any downloading...
checking keyring...
checking package integrity...
loading package files...
checking for file conflicts...
checking available disk space...
:: Processing package changes...
installing zsh-syntax-highlighting...
To activate zsh-syntax-highlighting, add the following line at the end of ~/.zshrc:
    source /usr/share/zsh/plugins/zsh-syntax-highlighting/zsh-syntax-highlighting.zsh
:: Running post-transaction hooks...
(1/1) Arming ConditionNeedsUpdate...
Sync Explicit (1): gtk-layer-shell-0.10.0-1
resolving dependencies...
looking for conflicting packages...

Packages (1) gtk-layer-shell-0.10.0-1

Total Download Size:   0.07 MiB
Total Installed Size:  0.39 MiB

:: Proceed with installation? [Y/n] 
:: Retrieving packages...
 gtk-layer-shell-0.10.0-1-x86_64 downloading...
checking keyring...
checking package integrity...
loading package files...
checking for file conflicts...
checking available disk space...
:: Processing package changes...
installing gtk-layer-shell...
:: Running post-transaction hooks...
(1/1) Arming ConditionNeedsUpdate...
Sync Explicit (1): nwg-displays-0.3.26-1
resolving dependencies...
looking for conflicting packages...

Packages (4) python-i3ipc-2.2.1-8  python-six-1.17.0-1  python-xlib-0.33-4  nwg-displays-0.3.26-1

Total Download Size:   0.42 MiB
Total Installed Size:  2.78 MiB

:: Proceed with installation? [Y/n] 
:: Retrieving packages...
 python-xlib-0.33-4-any downloading...
 python-i3ipc-2.2.1-8-any downloading...
 nwg-displays-0.3.26-1-any downloading...
 python-six-1.17.0-1-any downloading...
checking keyring...
checking package integrity...
loading package files...
checking for file conflicts...
checking available disk space...
:: Processing package changes...
installing python-six...
installing python-xlib...
installing python-i3ipc...
installing nwg-displays...
:: Running post-transaction hooks...
(1/2) Arming ConditionNeedsUpdate...
(2/2) Updating the desktop file MIME type cache...
Sync Explicit (1): thunar-4.20.6-1
resolving dependencies...
looking for conflicting packages...

Packages (2) libexif-0.6.25-1  thunar-4.20.6-1

Total Download Size:    2.01 MiB
Total Installed Size:  12.22 MiB

:: Proceed with installation? [Y/n] 
:: Retrieving packages...
 thunar-4.20.6-1-x86_64 downloading...
 libexif-0.6.25-1-x86_64 downloading...
checking keyring...
checking package integrity...
loading package files...
checking for file conflicts...
checking available disk space...
:: Processing package changes...
installing libexif...
installing thunar...
Optional dependencies for thunar
    catfish: file searching
    gvfs: trash support, mounting with udisk and remote filesystems [installed]
    tumbler: thumbnail previews
    thunar-volman: removable device management
    thunar-archive-plugin: archive creation and extraction
    thunar-media-tags-plugin: view/edit ID3/OGG tags
:: Running post-transaction hooks...
(1/4) Reloading user manager configuration...
(2/4) Arming ConditionNeedsUpdate...
(3/4) Updating icon theme caches...
(4/4) Updating the desktop file MIME type cache...
Failed to connect to user scope bus via local transport: $DBUS_SESSION_BUS_ADDRESS and $XDG_RUNTIME_DIR not defined (consider using --machine=<user>@.host --user to connect to bus of other user)
error: target not found: xdg-desktop-portal-gnome
error: target not found: xdg-desktop-portal-gtk
 -> exit status 1
[Theme]
Current=sdt
Changing shell for mpendlebury.
Shell changed.
Cloning Oh My Zsh...
From https://github.com/ohmyzsh/ohmyzsh
 * [new branch]      master     -> origin/master
Switched to a new branch 'master'
branch 'master' set up to track 'origin/master'.
/home/mpendlebury/Documents/repos/Elements-Gaming-Rig

Looking for an existing zsh config...
Using the Oh My Zsh template file and adding it to /home/mpendlebury/.zshrc.

         __                                     __   
  ____  / /_     ____ ___  __  __   ____  _____/ /_  
 / __ \/ __ \   / __ `__ \/ / / /  /_  / / ___/ __ \ 
/ /_/ / / / /  / / / / / / /_/ /    / /_(__  ) / / / 
\____/_/ /_/  /_/ /_/ /_/\__, /    /___/____/_/ /_/  
                        /____/                       ....is now installed!


Before you scream Oh My Zsh! look over the `.zshrc` file to select plugins, themes, and options.

• Follow us on X: https://x.com/ohmyzsh
• Join our Discord community: https://discord.gg/ohmyzsh
• Get stickers, t-shirts, coffee mugs and more: https://commitgoods.com/collections/oh-my-zsh

Run zsh to try it out.
Cloning into '/home/mpendlebury/.oh-my-zsh/custom/plugins/zsh-autosuggestions'...
Cloning into '/home/mpendlebury/.oh-my-zsh/custom/plugins/zsh-syntax-highlighting'...
Failed to connect to user scope bus via local transport: $DBUS_SESSION_BUS_ADDRESS and $XDG_RUNTIME_DIR not defined (consider using --machine=<user>@.host --user to connect to bus of other user)
error: target not found: xdg-desktop-portal-gnome
error: target not found: xdg-desktop-portal-gtk
 -> exit status 1
[Theme]
Current=sdt
chsh: Shell not changed.
Changing shell for mpendlebury.
The $ZSH folder already exists (/home/mpendlebury/.oh-my-zsh).

You ran the installer with the $ZSH setting or the $ZSH variable is
exported. You have 3 options:

1. Unset the ZSH variable when calling the installer:
   `ZSH= sh install.sh`
2. Install Oh My Zsh to a directory that doesn't exist yet:
   `ZSH=path/to/new/ohmyzsh/folder sh install.sh`
3. (Caution) If the folder doesn't contain important information,
   you can just remove it with `rm -r /home/mpendlebury/.oh-my-zsh`

fatal: destination path '/home/mpendlebury/.oh-my-zsh/custom/plugins/zsh-autosuggestions' already exists and is not an empty directory.
fatal: destination path '/home/mpendlebury/.oh-my-zsh/custom/plugins/zsh-syntax-highlighting' already exists and is not an empty directory.
Sync Explicit (1): hyprpaper-0.7.6-4
resolving dependencies...
looking for conflicting packages...

Packages (1) hyprpaper-0.7.6-4

Total Download Size:   0.11 MiB
Total Installed Size:  0.27 MiB

:: Proceed with installation? [Y/n] 
:: Retrieving packages...
 hyprpaper-0.7.6-4-x86_64 downloading...
checking keyring...
checking package integrity...
loading package files...
checking for file conflicts...
checking available disk space...
:: Processing package changes...
installing hyprpaper...
:: Running post-transaction hooks...
(1/2) Reloading user manager configuration...
(2/2) Arming ConditionNeedsUpdate...
Sync Explicit (1): mako-1.10.0-1
resolving dependencies...
looking for conflicting packages...

Packages (1) mako-1.10.0-1

Total Download Size:   0.05 MiB
Total Installed Size:  0.13 MiB

:: Proceed with installation? [Y/n] 
:: Retrieving packages...
 mako-1.10.0-1-x86_64 downloading...
checking keyring...
checking package integrity...
loading package files...
checking for file conflicts...
checking available disk space...
:: Processing package changes...
installing mako...
Optional dependencies for mako
    jq: support for 'makoctl menu' [installed]
:: Running post-transaction hooks...
(1/2) Reloading user manager configuration...
(2/2) Arming ConditionNeedsUpdate...
Failed to connect to user scope bus via local transport: $DBUS_SESSION_BUS_ADDRESS and $XDG_RUNTIME_DIR not defined (consider using --machine=<user>@.host --user to connect to bus of other user)
error: target not found: xdg-desktop-portal-gnome
error: target not found: xdg-desktop-portal-gtk
 -> exit status 1
[Theme]
Current=sdt
chsh: Shell not changed.
Changing shell for mpendlebury.
The $ZSH folder already exists (/home/mpendlebury/.oh-my-zsh).

You ran the installer with the $ZSH setting or the $ZSH variable is
exported. You have 3 options:

1. Unset the ZSH variable when calling the installer:
   `ZSH= sh install.sh`
2. Install Oh My Zsh to a directory that doesn't exist yet:
   `ZSH=path/to/new/ohmyzsh/folder sh install.sh`
3. (Caution) If the folder doesn't contain important information,
   you can just remove it with `rm -r /home/mpendlebury/.oh-my-zsh`

fatal: destination path '/home/mpendlebury/.oh-my-zsh/custom/plugins/zsh-autosuggestions' already exists and is not an empty directory.
fatal: destination path '/home/mpendlebury/.oh-my-zsh/custom/plugins/zsh-syntax-highlighting' already exists and is not an empty directory.
Failed to connect to user scope bus via local transport: $DBUS_SESSION_BUS_ADDRESS and $XDG_RUNTIME_DIR not defined (consider using --machine=<user>@.host --user to connect to bus of other user)
error: target not found: xdg-desktop-portal-gnome
error: target not found: xdg-desktop-portal-gtk
 -> exit status 1
[Theme]
Current=sdt
chsh: Shell not changed.
Changing shell for mpendlebury.
The $ZSH folder already exists (/home/mpendlebury/.oh-my-zsh).

You ran the installer with the $ZSH setting or the $ZSH variable is
exported. You have 3 options:

1. Unset the ZSH variable when calling the installer:
   `ZSH= sh install.sh`
2. Install Oh My Zsh to a directory that doesn't exist yet:
   `ZSH=path/to/new/ohmyzsh/folder sh install.sh`
3. (Caution) If the folder doesn't contain important information,
   you can just remove it with `rm -r /home/mpendlebury/.oh-my-zsh`

fatal: destination path '/home/mpendlebury/.oh-my-zsh/custom/plugins/zsh-autosuggestions' already exists and is not an empty directory.
fatal: destination path '/home/mpendlebury/.oh-my-zsh/custom/plugins/zsh-syntax-highlighting' already exists and is not an empty directory.
